<?xml version="1.0" encoding="UTF-8"?>
<!-- Generated by org.testng.reporters.JUnitReportReporter -->
<testsuite hostname="201777-" name="NewTest" tests="1" failures="0" timestamp="22 Aug 2017 11:12:14 GMT" time="0.015" errors="0">
  <testcase name="f" time="0.015" classname="NewTest"/>
</testsuite> <!-- NewTest -->
